d:\projects\3d-graphics-caustic-maps\bin\release\renderer\renderer.pdb
d:\projects\3d-graphics-caustic-maps\bin-int\release\renderer\glad.obj
d:\projects\3d-graphics-caustic-maps\bin-int\release\renderer\window.obj
d:\projects\3d-graphics-caustic-maps\bin-int\release\renderer\renderer.obj
d:\projects\3d-graphics-caustic-maps\bin-int\release\renderer\keybindings.obj
d:\projects\3d-graphics-caustic-maps\bin-int\release\renderer\input.obj
d:\projects\3d-graphics-caustic-maps\bin-int\release\renderer\renderpipeline.obj
d:\projects\3d-graphics-caustic-maps\bin-int\release\renderer\renderpass.obj
d:\projects\3d-graphics-caustic-maps\bin-int\release\renderer\colorpass.obj
d:\projects\3d-graphics-caustic-maps\bin-int\release\renderer\shader.obj
d:\projects\3d-graphics-caustic-maps\bin-int\release\renderer\shadermanager.obj
d:\projects\3d-graphics-caustic-maps\bin-int\release\renderer\scene.obj
d:\projects\3d-graphics-caustic-maps\bin-int\release\renderer\mesh.obj
d:\projects\3d-graphics-caustic-maps\bin-int\release\renderer\model.obj
d:\projects\3d-graphics-caustic-maps\bin-int\release\renderer\camera.obj
d:\projects\3d-graphics-caustic-maps\bin-int\release\renderer\directionallight.obj
d:\projects\3d-graphics-caustic-maps\bin-int\release\renderer\directionalshadowpass.obj
d:\projects\3d-graphics-caustic-maps\bin-int\release\renderer\screenpass.obj
d:\projects\3d-graphics-caustic-maps\bin-int\release\renderer\causticmappass.obj
d:\projects\3d-graphics-caustic-maps\bin-int\release\renderer\material.obj
d:\projects\3d-graphics-caustic-maps\bin-int\release\renderer\cubemappass.obj
d:\projects\3d-graphics-caustic-maps\bin-int\release\renderer\cubemaptexture.obj
d:\projects\3d-graphics-caustic-maps\bin-int\release\renderer\texturemanager.obj
d:\projects\3d-graphics-caustic-maps\bin-int\release\renderer\texture.obj
d:\projects\3d-graphics-caustic-maps\bin\release\renderer\renderer.lib
d:\projects\3d-graphics-caustic-maps\bin-int\release\renderer\renderer.vcxproj.filelistabsolute.txt
d:\projects\3d-graphics-caustic-maps\bin-int\release\renderer\renderer.tlog\cl.command.1.tlog
d:\projects\3d-graphics-caustic-maps\bin-int\release\renderer\renderer.tlog\cl.read.1.tlog
d:\projects\3d-graphics-caustic-maps\bin-int\release\renderer\renderer.tlog\cl.write.1.tlog
d:\projects\3d-graphics-caustic-maps\bin-int\release\renderer\renderer.tlog\lib-link.read.1.tlog
d:\projects\3d-graphics-caustic-maps\bin-int\release\renderer\renderer.tlog\lib-link.write.1.tlog
d:\projects\3d-graphics-caustic-maps\bin-int\release\renderer\renderer.tlog\lib.command.1.tlog
