C:\Program Files\Microsoft Visual Studio\2022\Community\MSBuild\Microsoft\VC\v170\Microsoft.CppBuild.targets(502,5): warning MSB8004: Intermediate Directory does not end with a trailing slash.  This build instance will add the slash as it is required to allow proper evaluation of the Intermediate Directory.
C:\Program Files\Microsoft Visual Studio\2022\Community\MSBuild\Microsoft\VC\v170\Microsoft.CppBuild.targets(503,5): warning MSB8004: Output Directory does not end with a trailing slash.  This build instance will add the slash as it is required to allow proper evaluation of the Output Directory.
  glad.c
  Material.cpp
  ScreenPass.cpp
  DirectionalShadowPass.cpp
  DirectionalLight.cpp
  Camera.cpp
  Model.cpp
D:\Projects\3D-Graphics-Caustic-Maps\Externals\ASSIMP\include\assimp\scene.h(106,23): warning C4251: 'aiNode::mName': struct 'aiString' needs to have dll-interface to be used by clients of struct 'aiNode'
D:\Projects\3D-Graphics-Caustic-Maps\Externals\ASSIMP\include\assimp\types.h(266,8): message : see declaration of 'aiString'
D:\Projects\3D-Graphics-Caustic-Maps\Externals\ASSIMP\include\assimp\scene.h(109,26): warning C4251: 'aiNode::mTransformation': class 'aiMatrix4x4t<ai_real>' needs to have dll-interface to be used by clients of struct 'aiNode'
D:\Projects\3D-Graphics-Caustic-Maps\Externals\ASSIMP\include\assimp\matrix4x4.h(262,9): message : see declaration of 'aiMatrix4x4t<ai_real>'
D:\Projects\3D-Graphics-Caustic-Maps\Renderer\src\Graphics\Model.cpp(125,143): warning C4267: 'argument': conversion from 'size_t' to 'unsigned int', possible loss of data
D:\Projects\3D-Graphics-Caustic-Maps\Renderer\src\Graphics\Model.cpp(172,50): warning C4267: 'initializing': conversion from 'size_t' to 'int', possible loss of data
D:\Projects\3D-Graphics-Caustic-Maps\Renderer\src\Graphics\Model.cpp(180,14): warning C4477: 'printf' : format string '%s' requires an argument of type 'char *', but variadic argument 1 has type 'std::string'
  Mesh.cpp
D:\Projects\3D-Graphics-Caustic-Maps\Renderer\src\Graphics\Mesh.cpp(30,134): warning C4312: 'type cast': conversion from 'unsigned int' to 'void *' of greater size
  Scene.cpp
  ShaderManager.cpp
  Shader.cpp
  ColorPass.cpp
  RenderPass.cpp
  RenderPipeline.cpp
  Input.cpp
  KeyBindings.cpp
  Renderer.cpp
  Window.cpp
  Texture.cpp
  TextureManager.cpp
  Generating Code...
assimp.lib(assimp-vc142-mt.dll) : warning LNK4006: __NULL_IMPORT_DESCRIPTOR already defined in opengl32.lib(OPENGL32.dll); second definition ignored
  Renderer.vcxproj -> D:\Projects\3D-Graphics-Caustic-Maps\bin\Debug\Renderer\Renderer.lib
