d:\projects\3d-renderer\bin\debug\renderer\renderer.pdb
d:\projects\3d-renderer\bin\debug\renderer\renderer.idb
d:\projects\3d-renderer\bin-int\debug\renderer\glad.obj
d:\projects\3d-renderer\bin-int\debug\renderer\texturemanager.obj
d:\projects\3d-renderer\bin-int\debug\renderer\texture.obj
d:\projects\3d-renderer\bin-int\debug\renderer\window.obj
d:\projects\3d-renderer\bin-int\debug\renderer\renderer.obj
d:\projects\3d-renderer\bin-int\debug\renderer\keybindings.obj
d:\projects\3d-renderer\bin-int\debug\renderer\input.obj
d:\projects\3d-renderer\bin-int\debug\renderer\renderpipeline.obj
d:\projects\3d-renderer\bin-int\debug\renderer\renderpass.obj
d:\projects\3d-renderer\bin-int\debug\renderer\colorpass.obj
d:\projects\3d-renderer\bin-int\debug\renderer\shader.obj
d:\projects\3d-renderer\bin-int\debug\renderer\shadermanager.obj
d:\projects\3d-renderer\bin-int\debug\renderer\scene.obj
d:\projects\3d-renderer\bin-int\debug\renderer\mesh.obj
d:\projects\3d-renderer\bin-int\debug\renderer\model.obj
d:\projects\3d-renderer\bin-int\debug\renderer\camera.obj
d:\projects\3d-renderer\bin\debug\renderer\renderer.lib
d:\projects\3d-renderer\bin-int\debug\renderer\renderer.vcxproj.filelistabsolute.txt
d:\projects\3d-renderer\bin-int\debug\renderer\renderer.tlog\cl.command.1.tlog
d:\projects\3d-renderer\bin-int\debug\renderer\renderer.tlog\cl.read.1.tlog
d:\projects\3d-renderer\bin-int\debug\renderer\renderer.tlog\cl.write.1.tlog
d:\projects\3d-renderer\bin-int\debug\renderer\renderer.tlog\lib-link.read.1.tlog
d:\projects\3d-renderer\bin-int\debug\renderer\renderer.tlog\lib-link.write.1.tlog
d:\projects\3d-renderer\bin-int\debug\renderer\renderer.tlog\lib.command.1.tlog
